2025-04-28 10:30:18 info: Server running on port 4000
2025-04-28 10:30:18 info: Redis connection established
2025-04-28 10:37:10 info: SIGINT signal received: closing HTTP server...
2025-04-28 10:37:16 info: Server running on port 4000
2025-04-28 10:37:16 info: Starting upload cleanup service...
2025-04-28 10:37:16 info: Connected to Redis
2025-04-28 10:37:16 info: Redis connection established
2025-04-28 10:37:36 info: SIGINT signal received: closing HTTP server...
2025-04-28 10:37:36 info: Closing 2 active connections...
2025-04-28 10:37:36 info: Closing HTTP server...
2025-04-28 10:37:36 info: HTTP server closed
2025-04-28 10:37:36 info: Stopping cleanup service...
2025-04-28 10:37:36 info: Upload cleanup service stopped
2025-04-28 10:37:36 info: Disconnecting from Redis...
2025-04-28 10:37:40 info: Server running on port 4000
2025-04-28 10:37:40 info: Starting upload cleanup service...
2025-04-28 10:37:40 info: Connected to Redis
2025-04-28 10:37:41 info: Redis connection established
2025-04-28 10:38:36 info: Server running on port 4000
2025-04-28 10:38:36 info: Starting upload cleanup service...
2025-04-28 10:38:36 info: Connected to Redis
2025-04-28 10:38:36 info: Redis connection established
2025-04-28 10:39:01 info: Server running on port 4000
2025-04-28 10:39:01 info: Starting upload cleanup service...
2025-04-28 10:39:01 info: Connected to Redis
2025-04-28 10:39:01 info: Redis connection established
2025-04-28 10:39:07 info: SIGTERM signal received: closing HTTP server...
2025-04-28 10:39:07 info: SIGTERM signal received: closing HTTP server...
2025-04-28 10:39:07 info: Closing 0 active connections...
2025-04-28 10:39:07 info: Closing HTTP server...
2025-04-28 10:39:07 info: HTTP server closed
2025-04-28 10:39:07 info: Stopping cleanup service...
2025-04-28 10:39:07 info: Upload cleanup service stopped
2025-04-28 10:39:07 info: Disconnecting from Redis...
2025-04-28 10:39:07 info: Shutdown already in progress...
2025-04-28 10:39:07 info: Closing 1 active connections...
2025-04-28 10:39:07 info: Closing HTTP server...
2025-04-28 10:39:07 info: HTTP server closed
2025-04-28 10:39:07 info: Stopping cleanup service...
2025-04-28 10:39:07 info: Upload cleanup service stopped
2025-04-28 10:39:07 info: Disconnecting from Redis...
2025-04-28 10:39:10 info: Server running on port 4000
2025-04-28 10:39:10 info: Starting upload cleanup service...
2025-04-28 10:39:10 info: Connected to Redis
2025-04-28 10:39:10 info: Redis connection established
2025-04-28 10:39:36 info: Server running on port 4000
2025-04-28 10:39:36 info: Starting upload cleanup service...
2025-04-28 10:39:36 info: Connected to Redis
2025-04-28 10:39:36 info: Redis connection established
2025-04-28 10:39:42 info: Server running on port 4000
2025-04-28 10:39:42 info: Starting upload cleanup service...
2025-04-28 10:39:42 info: Connected to Redis
2025-04-28 10:39:42 info: Redis connection established
2025-04-28 10:39:59 info: Server running on port 4000
2025-04-28 10:39:59 info: Starting upload cleanup service...
2025-04-28 10:40:00 error: Error during upload cleanup: Error: Socket already opened
2025-04-28 10:40:00 info: Connected to Redis
2025-04-28 10:40:00 info: Redis connection established
2025-04-28 10:40:03 info: SIGINT signal received: closing HTTP server...
2025-04-28 10:40:03 info: Closing 0 active connections...
2025-04-28 10:40:03 info: Closing HTTP server...
2025-04-28 10:40:03 info: HTTP server closed
2025-04-28 10:40:03 info: Stopping cleanup service...
2025-04-28 10:40:03 info: Upload cleanup service stopped
2025-04-28 10:40:03 info: Disconnecting from Redis...
2025-04-28 10:40:07 info: Server running on port 4000
2025-04-28 10:40:07 info: Starting upload cleanup service...
2025-04-28 10:40:07 info: Connected to Redis
2025-04-28 10:40:07 info: Redis connection established
2025-04-28 10:40:42 info: Connected to Redis
